[35m[Appium][39m Welcome to Appium v1.22.3
[35m[Appium][39m Non-default server args:
[35m[Appium][39m   port: 57947
[35m[Appium][39m   loglevel: info
[35m[Appium][39m   tmpDir: C:\Users\Nilesh\AppData\Local\Temp\\Katalon\Appium\Temp1669815717352
[35m[Appium][39m   chromedriverPort: 57948
[35m[Appium][39m Deprecated server args:
[35m[Appium][39m   [31m--chromedriver-port[39m => --default-capabilities
[35m[Appium][39m Default capabilities, which will be added to each request unless overridden by desired capabilities:
[35m[Appium][39m   chromedriverPort: 57948
[35m[Appium][39m Appium REST http interface listener started on 0.0.0.0:57947
[35m[HTTP][39m [37m-->[39m [37mGET[39m [37m/wd/hub/status[39m
[35m[HTTP][39m [90m{}[39m
[35m[HTTP][39m [37m<-- GET /wd/hub/status [39m[32m200[39m [90m9 ms - 68[39m
[35m[HTTP][39m [90m[39m
[35m[HTTP][39m [37m-->[39m [37mGET[39m [37m/wd/hub/status[39m
[35m[HTTP][39m [90m{}[39m
[35m[HTTP][39m [37m<-- GET /wd/hub/status [39m[32m200[39m [90m2 ms - 68[39m
[35m[HTTP][39m [90m[39m
[35m[HTTP][39m [37m-->[39m [37mPOST[39m [37m/wd/hub/session[39m
[35m[HTTP][39m [90m{"desiredCapabilities":{"app":"C:\\Users\\Nilesh\\Katalon Studio\\AndroidMobileTest\\androidapp\\app-debug-19.apk","noReset":true,"deviceId":"U4IBJVJ7PFKZ75S4","deviceName":"Google Pixel 6 (Android 13)","fullReset":false,"platform":"ANDROID","newCommandTimeout":1800,"platformVersion":"13","automationName":"uiautomator2","autoGrantPermissions":true,"unicodeKeyboard":true,"platformName":"Android","udid":"21071FDF60081A","systemPort":57953},"capabilities":{"firstMatch":[{"appium:app":"C:\\Users\\Nilesh\\Katalon Studio\\AndroidMobileTest\\androidapp\\app-debug-19.apk","appium:autoGrantPermissions":true,"appium:automationName":"uiautomator2","deviceId":"U4IBJVJ7PFKZ75S4","appium:deviceName":"Google Pixel 6 (Android 13)","appium:fullReset":false,"appium:newCommandTimeout":1800,"appium:noReset":true,"platform":"ANDROID","platformName":"android","appium:platformVersion":"13","appium:systemPort":57953,"appium:udid":"21071FDF60081A","appium:unicodeKeyboard":true}]}}[39m
[35m[BaseDriver][39m The following capabilities are not standard capabilities and should have an extension prefix:
[35m[BaseDriver][39m   deviceId
[35m[BaseDriver][39m   platform
[35m[BaseDriver][39m   chromedriverPort
[35m[Appium][39m Appium v1.22.3 creating new AndroidUiautomator2Driver (v1.70.1) session
[35m[BaseDriver][39m The following capabilities were provided, but are not recognized by Appium:
[35m[BaseDriver][39m   deviceId
[35m[BaseDriver][39m   platform
[35m[BaseDriver][39m Session created with session id: de5273a0-6b03-412f-8b0d-6420a3df3ffa
[35m[BaseDriver][39m Using local app 'C:\Users\Nilesh\Katalon Studio\AndroidMobileTest\androidapp\app-debug-19.apk'
[35m[ADB][39m Found 1 'build-tools' folders under 'C:\Users\Nilesh\.katalon\tools\android_sdk' (newest first):
[35m[ADB][39m     C:/Users/Nilesh/.katalon/tools/android_sdk/build-tools/29.0.3
[35m[ADB][39m Using 'adb.exe' from 'C:\Users\Nilesh\.katalon\tools\android_sdk\platform-tools\adb.exe'
[35m[AndroidDriver][39m Retrieving device list
[35m[AndroidDriver][39m Using device: 21071FDF60081A
[35m[ADB][39m Using 'adb.exe' from 'C:\Users\Nilesh\.katalon\tools\android_sdk\platform-tools\adb.exe'
[35m[ADB][39m Getting device platform version
[35m[UiAutomator2][39m Relaxing hidden api policy
[35m[ADB][39m Package name: 'com.swapshop.app'
[35m[ADB][39m Main activity name: 'com.swapshop.app.ui.home.SplashActivity'
[35m[ADB][39m Using 'apksigner.jar' from 'C:\Users\Nilesh\.katalon\tools\android_sdk\build-tools\29.0.3\lib\apksigner.jar'
[35m[ADB][39m 'C:\Users\Nilesh\AppData\Roaming\npm\node_modules\appium\node_modules\appium-uiautomator2-server\apks\appium-uiautomator2-server-v4.27.0.apk' is signed with the default certificate
[35m[ADB][39m 'C:\Users\Nilesh\AppData\Roaming\npm\node_modules\appium\node_modules\appium-uiautomator2-server\apks\appium-uiautomator2-server-debug-androidTest.apk' is signed with the default certificate
[35m[UiAutomator2][39m Server packages are not going to be (re)installed
[35m[ADB][39m Adding packages ["io.appium.settings","io.appium.uiautomator2.server","io.appium.uiautomator2.server.test"] to Doze whitelist
[35m[ADB][39m 'C:\Users\Nilesh\Katalon Studio\AndroidMobileTest\androidapp\app-debug-19.apk' is signed with a non-default certificate
[35m[UiAutomator2][39m Starting UIAutomator2 server 4.27.0
[35m[UiAutomator2][39m Using UIAutomator2 server from 'C:\Users\Nilesh\AppData\Roaming\npm\node_modules\appium\node_modules\appium-uiautomator2-server\apks\appium-uiautomator2-server-v4.27.0.apk' and test from 'C:\Users\Nilesh\AppData\Roaming\npm\node_modules\appium\node_modules\appium-uiautomator2-server\apks\appium-uiautomator2-server-debug-androidTest.apk'
[35m[UiAutomator2][39m Waiting up to 30000ms for UiAutomator2 to be online...
[35m[WD Proxy][39m socket hang up
[35m[WD Proxy][39m socket hang up
[35m[WD Proxy][39m Determined the downstream protocol as 'W3C'
[35m[AndroidDriver][39m Screen already unlocked, doing nothing
[35m[UiAutomator2][39m Starting 'com.swapshop.app/com.swapshop.app.ui.home.SplashActivity and waiting for 'com.swapshop.app/com.swapshop.app.ui.home.SplashActivity'
[35m[Appium][39m New AndroidUiautomator2Driver session created successfully, session de5273a0-6b03-412f-8b0d-6420a3df3ffa added to master session list
[35m[HTTP][39m [37m<-- POST /wd/hub/session [39m[32m200[39m [90m8841 ms - 1432[39m
[35m[HTTP][39m [90m[39m
[35m[HTTP][39m [37m-->[39m [37mGET[39m [37m/wd/hub/session/de5273a0-6b03-412f-8b0d-6420a3df3ffa[39m
[35m[HTTP][39m [90m{}[39m
[35m[HTTP][39m [37m<-- GET /wd/hub/session/de5273a0-6b03-412f-8b0d-6420a3df3ffa [39m[32m200[39m [90m19 ms - 1386[39m
[35m[HTTP][39m [90m[39m
[35m[HTTP][39m [37m-->[39m [37mGET[39m [37m/wd/hub/session/de5273a0-6b03-412f-8b0d-6420a3df3ffa[39m
[35m[HTTP][39m [90m{}[39m
[35m[HTTP][39m [37m<-- GET /wd/hub/session/de5273a0-6b03-412f-8b0d-6420a3df3ffa [39m[32m200[39m [90m12 ms - 1386[39m
[35m[HTTP][39m [90m[39m
[35m[HTTP][39m [37m-->[39m [37mGET[39m [37m/wd/hub/status[39m
[35m[HTTP][39m [90m{}[39m
[35m[HTTP][39m [37m<-- GET /wd/hub/status [39m[32m200[39m [90m1 ms - 68[39m
[35m[HTTP][39m [90m[39m
[35m[HTTP][39m [37m-->[39m [37mPOST[39m [37m/wd/hub/session/de5273a0-6b03-412f-8b0d-6420a3df3ffa/timeouts[39m
[35m[HTTP][39m [90m{"implicit":60000}[39m
[35m[HTTP][39m [37m<-- POST /wd/hub/session/de5273a0-6b03-412f-8b0d-6420a3df3ffa/timeouts [39m[32m200[39m [90m3 ms - 14[39m
[35m[HTTP][39m [90m[39m
[35m[HTTP][39m [37m-->[39m [37mGET[39m [37m/wd/hub/session/de5273a0-6b03-412f-8b0d-6420a3df3ffa/source[39m
[35m[HTTP][39m [90m{}[39m
[35m[W3C (de5273a0)][39m Driver proxy active, passing request on via HTTP proxy
[35m[WD Proxy][39m Replacing sessionId 63500bf9-567b-485f-aedc-1039ff3e20cc with de5273a0-6b03-412f-8b0d-6420a3df3ffa
[35m[HTTP][39m [37m<-- GET /wd/hub/session/de5273a0-6b03-412f-8b0d-6420a3df3ffa/source [39m[32m200[39m [90m677 ms - 3612[39m
[35m[HTTP][39m [90m[39m
[35m[HTTP][39m [37m-->[39m [37mGET[39m [37m/wd/hub/session/de5273a0-6b03-412f-8b0d-6420a3df3ffa/screenshot[39m
[35m[HTTP][39m [90m{}[39m
[35m[HTTP][39m [37m<-- GET /wd/hub/session/de5273a0-6b03-412f-8b0d-6420a3df3ffa/screenshot [39m[32m200[39m [90m361 ms - 125728[39m
[35m[HTTP][39m [90m[39m
[35m[HTTP][39m [37m-->[39m [37mGET[39m [37m/wd/hub/session/de5273a0-6b03-412f-8b0d-6420a3df3ffa/source[39m
[35m[HTTP][39m [90m{}[39m
[35m[W3C (de5273a0)][39m Driver proxy active, passing request on via HTTP proxy
[35m[WD Proxy][39m Replacing sessionId 63500bf9-567b-485f-aedc-1039ff3e20cc with de5273a0-6b03-412f-8b0d-6420a3df3ffa
[35m[HTTP][39m [37m<-- GET /wd/hub/session/de5273a0-6b03-412f-8b0d-6420a3df3ffa/source [39m[32m200[39m [90m71 ms - 7907[39m
[35m[HTTP][39m [90m[39m
[35m[HTTP][39m [37m-->[39m [37mGET[39m [37m/wd/hub/session/de5273a0-6b03-412f-8b0d-6420a3df3ffa/screenshot[39m
[35m[HTTP][39m [90m{}[39m
[35m[HTTP][39m [37m<-- GET /wd/hub/session/de5273a0-6b03-412f-8b0d-6420a3df3ffa/screenshot [39m[32m200[39m [90m465 ms - 382854[39m
[35m[HTTP][39m [90m[39m
[35m[HTTP][39m [37m-->[39m [37mGET[39m [37m/wd/hub/session/de5273a0-6b03-412f-8b0d-6420a3df3ffa/source[39m
[35m[HTTP][39m [90m{}[39m
[35m[W3C (de5273a0)][39m Driver proxy active, passing request on via HTTP proxy
[35m[WD Proxy][39m Replacing sessionId 63500bf9-567b-485f-aedc-1039ff3e20cc with de5273a0-6b03-412f-8b0d-6420a3df3ffa
[35m[HTTP][39m [37m<-- GET /wd/hub/session/de5273a0-6b03-412f-8b0d-6420a3df3ffa/source [39m[32m200[39m [90m91 ms - 7906[39m
[35m[HTTP][39m [90m[39m
[35m[HTTP][39m [37m-->[39m [37mGET[39m [37m/wd/hub/session/de5273a0-6b03-412f-8b0d-6420a3df3ffa/screenshot[39m
[35m[HTTP][39m [90m{}[39m
[35m[HTTP][39m [37m<-- GET /wd/hub/session/de5273a0-6b03-412f-8b0d-6420a3df3ffa/screenshot [39m[32m200[39m [90m427 ms - 329004[39m
[35m[HTTP][39m [90m[39m
[35m[HTTP][39m [37m-->[39m [37mDELETE[39m [37m/wd/hub/session/de5273a0-6b03-412f-8b0d-6420a3df3ffa[39m
[35m[HTTP][39m [90m{}[39m
[35m[Appium][39m Removing session de5273a0-6b03-412f-8b0d-6420a3df3ffa from our master session list
[35m[UiAutomator2][39m Restoring hidden api policy to the device default configuration
[35m[HTTP][39m [37m<-- DELETE /wd/hub/session/de5273a0-6b03-412f-8b0d-6420a3df3ffa [39m[32m200[39m [90m298 ms - 14[39m
[35m[HTTP][39m [90m[39m
